0 info it worked if it ends with ok
1 verbose cli [ '/usr/bin/nodejs', '/usr/bin/npm', 'run', 'start' ]
2 info using npm@3.5.2
3 info using node@v4.2.6
4 verbose run-script [ 'prestart', 'start', 'poststart' ]
5 info lifecycle root@~prestart: root@
6 silly lifecycle root@~prestart: no script for prestart, continuing
7 info lifecycle root@~start: root@
8 verbose lifecycle root@~start: unsafe-perm in lifecycle true
9 verbose lifecycle root@~start: PATH: /usr/share/npm/bin/node-gyp-bin:/home/sermasundarj/Desktop/rss/node_modules/.bin:/home/sermasundarj/bin:/home/sermasundarj/.local/bin:/home/sermasundarj/bin:/home/sermasundarj/.local/bin:/usr/local/sbin:/usr/local/bin:/usr/sbin:/usr/bin:/sbin:/bin:/usr/games:/usr/local/games:/snap/bin
10 verbose lifecycle root@~start: CWD: /home/sermasundarj/Desktop/rss
11 silly lifecycle root@~start: Args: [ '-c', 'lerna run --parallel start' ]
12 info lifecycle root@~start: Failed to exec start script
13 verbose stack Error: root@ start: `lerna run --parallel start`
13 verbose stack spawn ENOENT
13 verbose stack     at ChildProcess.<anonymous> (/usr/share/npm/lib/utils/spawn.js:17:16)
13 verbose stack     at emitTwo (events.js:87:13)
13 verbose stack     at ChildProcess.emit (events.js:172:7)
13 verbose stack     at maybeClose (internal/child_process.js:821:16)
13 verbose stack     at Process.ChildProcess._handle.onexit (internal/child_process.js:211:5)
14 verbose pkgid root@
15 verbose cwd /home/sermasundarj/Desktop/rss
16 error Linux 4.15.0-72-generic
17 error argv "/usr/bin/nodejs" "/usr/bin/npm" "run" "start"
18 error node v4.2.6
19 error npm  v3.5.2
20 error file sh
21 error code ELIFECYCLE
22 error errno ENOENT
23 error syscall spawn
24 error root@ start: `lerna run --parallel start`
24 error spawn ENOENT
25 error Failed at the root@ start script 'lerna run --parallel start'.
25 error Make sure you have the latest version of node.js and npm installed.
25 error If you do, this is most likely a problem with the root package,
25 error not with npm itself.
25 error Tell the author that this fails on your system:
25 error     lerna run --parallel start
25 error You can get information on how to open an issue for this project with:
25 error     npm bugs root
25 error Or if that isn't available, you can get their info via:
25 error     npm owner ls root
25 error There is likely additional logging output above.
26 verbose exit [ 1, true ]
